<?xml version="1.0" encoding="UTF-8"?>
<!-- Generated by org.testng.reporters.JUnitXMLReporter -->
<testsuite hostname="LAPTOP-JEI8AS0O" ignored="1" name="Test" tests="6" failures="0" timestamp="2022-04-03T14:09:37 EDT" time="31.5" errors="0">
  <testcase name="LoginSuccess_001" time="1.857" classname="testcases.LoginTest"/>
  <testcase name="ForgotPassword_003" time="0.638" classname="testcases.LoginTest"/>
  <testcase name="getDashboardQuickLaunchItems_004" time="0.676" classname="testcases.DashboardTest"/>
  <testcase name="getDashboardQuickLaunchItemsCount_006" time="0.518" classname="testcases.DashboardTest"/>
  <testcase name="getMyInfoSideMenuItems_005" time="2.962" classname="testcases.MyInfoTest"/>
  <testcase name="getMyInfoSideMenuItemsCount_007" time="2.698" classname="testcases.MyInfoTest"/>
  <testcase name="LoginUnsuccessful_002" time="0.0" classname="testcases.LoginTest">
    <ignored/>
  </testcase> <!-- LoginUnsuccessful_002 -->
</testsuite> <!-- Test -->
